【募集終了】新入生の諸手続にかかるアルバイトについて（2/18 14時半更新）
【2/16追記】成績表と原評価（点数）の閲覧停止 (1年生・2年生)【2月15日（火）正午～】
【TLP】TLP2年Sセメスター 編入希望者の募集について（2/15ドイツ語掲載）
【試験】2021年度Aセメスター（A1・A2ターム）追試験について（12/17掲載、2/14更新）
【修了予定の2年生の方へ】教養教育の達成度についてのアンケート（2/14-3/18)
【試験】2021年度Aセメスター（A1・A2ターム）専門科目試験について（2/7更新）
【東京大学新型コロナウイルス対策タスクフォースより】「東京大学の学生・教職員のみなさんへ」（一部改訂）
【試験】2021年度Aセメスター英語一列②定期試験について（1/24初回掲載、2/1再掲）
【試験】2021年度Aセメスター（A2ターム）定期試験および評価方法情報について（1/25更新）
【教養学部長より】駒場Ⅰキャンパスにおけるステージの改定について
【試験】（重要）新型コロナウィルスへの感染、濃厚接触、疑似症を発症した場合の対応
【教養学部長より】新型コロナウイルス感染症の再拡大に関する注意喚起
（再掲）進学内定辞退届について（1/13　16時50分〆）（12/15初回掲載）
2年次専門科目について（1/7 工学部計数工学科更新）
【窓口】2022年１月～２月の窓口業務時間について
【教職】令和４年度介護等体験講習会について
2022年度Sセメスター（S1・S2ターム）のオンライン受講申請について（予告）
【教養学部長より】2022年度S セメスターおよびS1・S2 タームの授業体制について
（更新）【進学選択】前期課程1年生向け 進学選択ガイダンス（11/24開催）録画、資料およびFAQの公開について（11/25初回掲載）
2021年度12月（年末年始含む）の窓口業務時間について
★まとめ★前期課程HP「お知らせ」掲載中の履修と授業に関する通知一覧表（12/3更新）
【教養学部長より】駒場Ⅰキャンパスにおける入構制限の緩和について(12月13日(月)より開始）
【教養学部後期課程より】A２ターム集中講義の変更及び新規開講について
【総長メッセージ】日本への入国を待っている留学生のみなさんへ～新たな水際対策措置について（2021年12月1日）
（再掲）【法学部より】2022年度法学部進学内定者・法律家に関心のある１・２年生へ「法律家への招待2021」開催のお知らせ(12/4（土）13:30～）「対面実施イベント」（11/2初回掲載)
（再掲）(A2ターム）英語二列Sクラス分けについて【過年度入学者、1年生の未入力者の追加クラス分け】（11/19～11/26）
（再掲）【進学選択】(11/24開催）前期課程1年生向け 進学選択ガイダンスについて【各学部主催は11/25～12/9実施】（11/8初回掲載）
(A2ターム)英語一列②クラス分けについて
【法学部より】{{至急}}学生証用顔写真データ未提出者へ（最終提出期限：11/22 12:00）
【進学選択】(11/24開催）前期課程1年生向け 進学選択ガイダンス接続情報及び資料について
【他クラス聴講・工学部編入生対象】2021年度 A2ターム英語一列②の履修登録について
【工学部より】1年生向け工学部進学選択ガイダンスのお知らせ
保健センターでの新型コロナウイルス検査について
【試験】2021年度A1ターム定期試験(本試験)時間割表(詳細)（11/11更新、11/4初回掲載）
（再掲）【試験】2021年度Aセメスター(A1・A2ターム)定期試験(本試験)の実施について【★対面⇔代替措置申請：11/10〆】（初回掲載10/28）
駒場Ⅰキャンパス整備への要望について
【試験】A1ターム科目オンライン繰り上げ試験をキャンパスで受験する学生へ
【TLP】2021年度 TLPロシア語ロシア研修プログラム募集要領(11/22〆切)
【法学部より】2022年4月法学部進学内定者の皆さんへ(「学生証用顔写真データの提出について」：11/12 17:00〆）
2021年11月の窓口業務時間について
駒場祭開催に伴う授業休止について
【英語中級】A2ターム追加募集の抽選結果について
【試験】2021年度Ａセメスター(A1・A2ターム)定期試験(本試験)時間割【大枠】（10/15初回掲載、10/22更新）
令和4年度（2022年度）授業日程公開について
2021年度Sセメスター・S2ターム追試験の成績
【注意喚起】ITC-LMSの受講登録は履修登録ではありません　
（再掲）【英語中級・上級】抽選結果発表および追加募集について（10/22 16:50まで）
（再掲）【1年生対象・注意喚起】Ａセメスター／A1・A2タームの履修登録について
国際研修（深思北京2021）追加募集のお知らせ
【進学選択】進学先所属登録について《対象：法学部・経済学部・文学部（A群・G群）・教養学部（教養学科・学際科学科A群）内定者》(10/15経済学部お知らせ更新、10/11初回掲載）
